===================================================================================================================
Symbol Table: Global                                                             Parent: null
----------------------------------------------------------------------------------------------------
Name           Type                     Initial Value                 Size        Offset      Nested
-------------------------------------------------------------------------------------------------------------------
getSum              integer                                   4           0          getSum
main                integer                                   4           4          main
-------------------------------------------------------------------------------------------------------------------

===================================================================================================================
Symbol Table: getSum                                                             Parent: Global
----------------------------------------------------------------------------------------------------
Name           Type                     Initial Value                 Size        Offset      Nested
-------------------------------------------------------------------------------------------------------------------
return              integer                                   4           0          null
aj                  integer                                   4           4          null
sum                 integer                  0                4           8          null
t00                 integer                  0                4           12         null
t01                 integer                  0                4           16         null
t02                 integer                                   4           20         null
t03                 integer                                   4           24         null
getSum              integer                                   4           28         null
t04                 integer                  1                4           32         null
t05                 integer                                   4           36         null
t06                 integer                                   4           40         null
-------------------------------------------------------------------------------------------------------------------

===================================================================================================================
Symbol Table: main                                                               Parent: Global
----------------------------------------------------------------------------------------------------
Name           Type                     Initial Value                 Size        Offset      Nested
-------------------------------------------------------------------------------------------------------------------
return              integer                                   4           0          null
printf              integer                                   4           4          null
t00                 ptr(char)                "\n\n\t\tStudytonight - Best place to learn\n\n\n"4           8          null
t01                 integer                                   4           12         null
n                   integer                                   4           16         null
sum                 integer                                   4           20         null
t02                 ptr(char)                "\n\nEnter the range of n: "4           24         null
t03                 integer                                   4           28         null
scanf               integer                                   4           32         null
t04                 ptr(char)                "%d"             4           36         null
t05                 ptr(integer)                              4           40         null
t06                 integer                                   4           44         null
getSum              integer                                   4           48         null
t07                 integer                                   4           52         null
t08                 integer                                   4           56         null
t09                 ptr(char)                "\n\nThe sum of first %d numbers is %d\n"4           60         null
t10                 integer                                   4           64         null
t11                 ptr(char)                "\n\n\t\t\tCoding is Fun !\n\n\n"4           68         null
t12                 integer                                   4           72         null
t13                 integer                  0                4           76         null
-------------------------------------------------------------------------------------------------------------------

==============================
Quad Translation
------------------------------

main: 

	1   :	param t00
	2   :	t01 = call printf, 1
	3   :	param t02
	4   :	t03 = call printf, 1
	5   :	param t04
	6   :	t05 = &n
	7   :	param t05
	8   :	t06 = call scanf, 2
	9   :	param n
	10  :	t07 = call getSum, 1
	11  :	sum = t07
	12  :	param t09
	13  :	param n
	14  :	param sum
	15  :	t10 = call printf, 3
	16  :	param t11
	17  :	t12 = call printf, 1
	18  :	t13 = 0
	19  :	ret t13

getSum: 


getSum: 

	22  :	t00 = 0
	23  :	sum = t00
	24  :	t01 = 0
	25  :	if aj < t01 goto 28
	26  :	goto 35
	27  :	goto 35
	28  :	t02 = sum + aj
	29  :	sum = t02
	30  :	t04 = 1
	31  :	t05 = aj - t04
	32  :	param t05
	33  :	t06 = call getSum, 1
	34  :	goto 35
	35  :	ret sum
------------------------------
