===================================================================================================================
Symbol Table: Global                                                             Parent: null
----------------------------------------------------------------------------------------------------
Name           Type                     Initial Value                 Size        Offset      Nested
-------------------------------------------------------------------------------------------------------------------
main                integer                                   4           0          main
-------------------------------------------------------------------------------------------------------------------

===================================================================================================================
Symbol Table: main                                                               Parent: Global
----------------------------------------------------------------------------------------------------
Name           Type                     Initial Value                 Size        Offset      Nested
-------------------------------------------------------------------------------------------------------------------
return              integer                                   4           0          null
printf              integer                                   4           4          null
t00                 ptr(char)                "\n\n\t\tStudytonight - Best place to learn\n\n\n"4           8          null
t01                 integer                                   4           12         null
var                 integer                  24               4           16         null
t02                 integer                  24               4           20         null
p                   ptr(integer)                              4           24         null
t03                 ptr(integer)                              4           28         null
t04                 ptr(null)                                 4           32         null
t05                 ptr(char)                "\n\nAddress of var variable is: %x \n\n"4           36         null
t06                 ptr(integer)                              4           40         null
t07                 integer                                   4           44         null
t08                 ptr(char)                "\n\nAddress stored in pointer variable p is: %x"4           48         null
t09                 integer                                   4           52         null
t10                 ptr(char)                "\n\nValue of var variable or the value stored at address p is   %d "4           56         null
t11                 integer                                   4           60         null
t12                 integer                                   4           64         null
t13                 ptr(char)                "\n\n\t\t\tCoding is Fun !\n\n\n"4           68         null
t14                 integer                                   4           72         null
t15                 integer                  0                4           76         null
-------------------------------------------------------------------------------------------------------------------

==============================
Quad Translation
------------------------------

main: 

	1   :	param t00
	2   :	t01 = call printf, 1
	3   :	t02 = 24
	4   :	var = t02
	5   :	t03 = &var
	6   :	p = t03
	7   :	param t05
	8   :	t06 = &var
	9   :	param t06
	10  :	t07 = call printf, 2
	11  :	param t08
	12  :	param p
	13  :	t09 = call printf, 2
	14  :	param t10
	15  :	t11 = *p
	16  :	param t11
	17  :	t12 = call printf, 2
	18  :	param t13
	19  :	t14 = call printf, 1
	20  :	t15 = 0
	21  :	ret t15
------------------------------
